Base path: 'C:/Program Files/Unity/Hub/Editor/2019.4.10f1/Editor/Data', plugins path 'C:/Program Files/Unity/Hub/Editor/2019.4.10f1/Editor/Data/PlaybackEngines'
Cmd: initializeCompiler
Cmd: compileSnippet
  api=4 type=0 insize=1113 outsize=938 kw=UNITY_PASS_META _METALLICSPECGLOSSMAP pd=UNITY_ENABLE_REFLECTION_BUFFERS UNITY_USE_DITHER_MASK_FOR_ALPHABLENDED_SHADOWS UNITY_PBS_USE_BRDF1 UNITY_SPECCUBE_BOX_PROJECTION UNITY_SPECCUBE_BLENDING UNITY_ENABLE_DETAIL_NORMALMAP SHADER_API_DESKTOP UNITY_LIGHT_PROBE_PROXY_VOLUME UNITY_LIGHTMAP_RGBM_ENCODING ok=1
Cmd: compileSnippet
  api=4 type=1 insize=1113 outsize=1046 kw=UNITY_PASS_META _METALLICSPECGLOSSMAP pd=UNITY_ENABLE_REFLECTION_BUFFERS UNITY_USE_DITHER_MASK_FOR_ALPHABLENDED_SHADOWS UNITY_PBS_USE_BRDF1 UNITY_SPECCUBE_BOX_PROJECTION UNITY_SPECCUBE_BLENDING UNITY_ENABLE_DETAIL_NORMALMAP SHADER_API_DESKTOP UNITY_LIGHT_PROBE_PROXY_VOLUME UNITY_LIGHTMAP_RGBM_ENCODING ok=1
Cmd: compileSnippet
  api=4 type=0 insize=1113 outsize=938 kw=UNITY_PASS_META _SMOOTHNESS_TEXTURE_ALBEDO_CHANNEL_A pd=UNITY_ENABLE_REFLECTION_BUFFERS UNITY_USE_DITHER_MASK_FOR_ALPHABLENDED_SHADOWS UNITY_PBS_USE_BRDF1 UNITY_SPECCUBE_BOX_PROJECTION UNITY_SPECCUBE_BLENDING UNITY_ENABLE_DETAIL_NORMALMAP SHADER_API_DESKTOP UNITY_LIGHT_PROBE_PROXY_VOLUME UNITY_LIGHTMAP_RGBM_ENCODING ok=1
Cmd: compileSnippet
  api=4 type=1 insize=1113 outsize=990 kw=UNITY_PASS_META _SMOOTHNESS_TEXTURE_ALBEDO_CHANNEL_A pd=UNITY_ENABLE_REFLECTION_BUFFERS UNITY_USE_DITHER_MASK_FOR_ALPHABLENDED_SHADOWS UNITY_PBS_USE_BRDF1 UNITY_SPECCUBE_BOX_PROJECTION UNITY_SPECCUBE_BLENDING UNITY_ENABLE_DETAIL_NORMALMAP SHADER_API_DESKTOP UNITY_LIGHT_PROBE_PROXY_VOLUME UNITY_LIGHTMAP_RGBM_ENCODING ok=1
Cmd: compileSnippet
  api=4 type=0 insize=2364 outsize=1974 kw=LIGHTMAP_ON FOG_EXP2 _MAIN_LIGHT_SHADOWS _SHADOWS_SOFT _MAIN_LIGHT_SHADOWS_CASCADE _NORMALMAP _METALLICSPECGLOSSMAP _OCCLUSIONMAP pd=UNITY_ENABLE_REFLECTION_BUFFERS UNITY_USE_DITHER_MASK_FOR_ALPHABLENDED_SHADOWS UNITY_PBS_USE_BRDF1 UNITY_SPECCUBE_BOX_PROJECTION UNITY_SPECCUBE_BLENDING UNITY_ENABLE_DETAIL_NORMALMAP SHADER_API_DESKTOP UNITY_LIGHT_PROBE_PROXY_VOLUME UNITY_LIGHTMAP_RGBM_ENCODING ok=1
Cmd: compileSnippet
  api=4 type=1 insize=2364 outsize=6918 kw=LIGHTMAP_ON FOG_EXP2 _MAIN_LIGHT_SHADOWS _SHADOWS_SOFT _MAIN_LIGHT_SHADOWS_CASCADE _NORMALMAP _METALLICSPECGLOSSMAP _OCCLUSIONMAP pd=UNITY_ENABLE_REFLECTION_BUFFERS UNITY_USE_DITHER_MASK_FOR_ALPHABLENDED_SHADOWS UNITY_PBS_USE_BRDF1 UNITY_SPECCUBE_BOX_PROJECTION UNITY_SPECCUBE_BLENDING UNITY_ENABLE_DETAIL_NORMALMAP SHADER_API_DESKTOP UNITY_LIGHT_PROBE_PROXY_VOLUME UNITY_LIGHTMAP_RGBM_ENCODING ok=1
Cmd: compileSnippet
  api=4 type=0 insize=9934 outsize=682 kw= pd=UNITY_ENABLE_REFLECTION_BUFFERS UNITY_USE_DITHER_MASK_FOR_ALPHABLENDED_SHADOWS UNITY_PBS_USE_BRDF1 UNITY_SPECCUBE_BOX_PROJECTION UNITY_SPECCUBE_BLENDING UNITY_ENABLE_DETAIL_NORMALMAP SHADER_API_DESKTOP UNITY_LIGHT_PROBE_PROXY_VOLUME UNITY_LIGHTMAP_RGBM_ENCODING ok=1
Cmd: compileSnippet
  api=4 type=1 insize=9934 outsize=13226 kw= pd=UNITY_ENABLE_REFLECTION_BUFFERS UNITY_USE_DITHER_MASK_FOR_ALPHABLENDED_SHADOWS UNITY_PBS_USE_BRDF1 UNITY_SPECCUBE_BOX_PROJECTION UNITY_SPECCUBE_BLENDING UNITY_ENABLE_DETAIL_NORMALMAP SHADER_API_DESKTOP UNITY_LIGHT_PROBE_PROXY_VOLUME UNITY_LIGHTMAP_RGBM_ENCODING ok=1
Cmd: compileSnippet
  api=4 type=0 insize=970 outsize=682 kw= pd=UNITY_ENABLE_REFLECTION_BUFFERS UNITY_USE_DITHER_MASK_FOR_ALPHABLENDED_SHADOWS UNITY_PBS_USE_BRDF1 UNITY_SPECCUBE_BOX_PROJECTION UNITY_SPECCUBE_BLENDING UNITY_ENABLE_DETAIL_NORMALMAP SHADER_API_DESKTOP UNITY_LIGHT_PROBE_PROXY_VOLUME UNITY_LIGHTMAP_RGBM_ENCODING ok=1
Cmd: compileSnippet
  api=4 type=1 insize=970 outsize=326 kw= pd=UNITY_ENABLE_REFLECTION_BUFFERS UNITY_USE_DITHER_MASK_FOR_ALPHABLENDED_SHADOWS UNITY_PBS_USE_BRDF1 UNITY_SPECCUBE_BOX_PROJECTION UNITY_SPECCUBE_BLENDING UNITY_ENABLE_DETAIL_NORMALMAP SHADER_API_DESKTOP UNITY_LIGHT_PROBE_PROXY_VOLUME UNITY_LIGHTMAP_RGBM_ENCODING ok=1
Cmd: compileSnippet
  api=4 type=0 insize=2364 outsize=1938 kw=FOG_EXP2 _ADDITIONAL_LIGHTS pd=UNITY_ENABLE_REFLECTION_BUFFERS UNITY_USE_DITHER_MASK_FOR_ALPHABLENDED_SHADOWS UNITY_PBS_USE_BRDF1 UNITY_SPECCUBE_BOX_PROJECTION UNITY_SPECCUBE_BLENDING UNITY_ENABLE_DETAIL_NORMALMAP SHADER_API_DESKTOP UNITY_LIGHT_PROBE_PROXY_VOLUME UNITY_LIGHTMAP_RGBM_ENCODING ok=1
Cmd: compileSnippet
  api=4 type=1 insize=2364 outsize=4258 kw=FOG_EXP2 _ADDITIONAL_LIGHTS pd=UNITY_ENABLE_REFLECTION_BUFFERS UNITY_USE_DITHER_MASK_FOR_ALPHABLENDED_SHADOWS UNITY_PBS_USE_BRDF1 UNITY_SPECCUBE_BOX_PROJECTION UNITY_SPECCUBE_BLENDING UNITY_ENABLE_DETAIL_NORMALMAP SHADER_API_DESKTOP UNITY_LIGHT_PROBE_PROXY_VOLUME UNITY_LIGHTMAP_RGBM_ENCODING ok=1
Cmd: compileSnippet
  api=4 type=0 insize=1919 outsize=846 kw= pd=UNITY_ENABLE_REFLECTION_BUFFERS UNITY_USE_DITHER_MASK_FOR_ALPHABLENDED_SHADOWS UNITY_PBS_USE_BRDF1 UNITY_SPECCUBE_BOX_PROJECTION UNITY_SPECCUBE_BLENDING UNITY_ENABLE_DETAIL_NORMALMAP SHADER_API_DESKTOP UNITY_LIGHT_PROBE_PROXY_VOLUME UNITY_LIGHTMAP_RGBM_ENCODING ok=1
Cmd: compileSnippet
  api=4 type=1 insize=1919 outsize=646 kw= pd=UNITY_ENABLE_REFLECTION_BUFFERS UNITY_USE_DITHER_MASK_FOR_ALPHABLENDED_SHADOWS UNITY_PBS_USE_BRDF1 UNITY_SPECCUBE_BOX_PROJECTION UNITY_SPECCUBE_BLENDING UNITY_ENABLE_DETAIL_NORMALMAP SHADER_API_DESKTOP UNITY_LIGHT_PROBE_PROXY_VOLUME UNITY_LIGHTMAP_RGBM_ENCODING ok=1
Cmd: compileSnippet
  api=4 type=0 insize=1915 outsize=846 kw= pd=UNITY_ENABLE_REFLECTION_BUFFERS UNITY_USE_DITHER_MASK_FOR_ALPHABLENDED_SHADOWS UNITY_PBS_USE_BRDF1 UNITY_SPECCUBE_BOX_PROJECTION UNITY_SPECCUBE_BLENDING UNITY_ENABLE_DETAIL_NORMALMAP SHADER_API_DESKTOP UNITY_LIGHT_PROBE_PROXY_VOLUME UNITY_LIGHTMAP_RGBM_ENCODING ok=1
Cmd: compileSnippet
  api=4 type=1 insize=1915 outsize=646 kw= pd=UNITY_ENABLE_REFLECTION_BUFFERS UNITY_USE_DITHER_MASK_FOR_ALPHABLENDED_SHADOWS UNITY_PBS_USE_BRDF1 UNITY_SPECCUBE_BOX_PROJECTION UNITY_SPECCUBE_BLENDING UNITY_ENABLE_DETAIL_NORMALMAP SHADER_API_DESKTOP UNITY_LIGHT_PROBE_PROXY_VOLUME UNITY_LIGHTMAP_RGBM_ENCODING ok=1
Cmd: compileSnippet
  api=4 type=0 insize=1915 outsize=846 kw= pd=UNITY_ENABLE_REFLECTION_BUFFERS UNITY_USE_DITHER_MASK_FOR_ALPHABLENDED_SHADOWS UNITY_PBS_USE_BRDF1 UNITY_SPECCUBE_BOX_PROJECTION UNITY_SPECCUBE_BLENDING UNITY_ENABLE_DETAIL_NORMALMAP SHADER_API_DESKTOP UNITY_LIGHT_PROBE_PROXY_VOLUME UNITY_LIGHTMAP_RGBM_ENCODING ok=1
Cmd: compileSnippet
  api=4 type=1 insize=1915 outsize=646 kw= pd=UNITY_ENABLE_REFLECTION_BUFFERS UNITY_USE_DITHER_MASK_FOR_ALPHABLENDED_SHADOWS UNITY_PBS_USE_BRDF1 UNITY_SPECCUBE_BOX_PROJECTION UNITY_SPECCUBE_BLENDING UNITY_ENABLE_DETAIL_NORMALMAP SHADER_API_DESKTOP UNITY_LIGHT_PROBE_PROXY_VOLUME UNITY_LIGHTMAP_RGBM_ENCODING ok=1
Cmd: compileSnippet
  api=4 type=0 insize=1919 outsize=846 kw= pd=UNITY_ENABLE_REFLECTION_BUFFERS UNITY_USE_DITHER_MASK_FOR_ALPHABLENDED_SHADOWS UNITY_PBS_USE_BRDF1 UNITY_SPECCUBE_BOX_PROJECTION UNITY_SPECCUBE_BLENDING UNITY_ENABLE_DETAIL_NORMALMAP SHADER_API_DESKTOP UNITY_LIGHT_PROBE_PROXY_VOLUME UNITY_LIGHTMAP_RGBM_ENCODING ok=1
Cmd: compileSnippet
  api=4 type=1 insize=1919 outsize=646 kw= pd=UNITY_ENABLE_REFLECTION_BUFFERS UNITY_USE_DITHER_MASK_FOR_ALPHABLENDED_SHADOWS UNITY_PBS_USE_BRDF1 UNITY_SPECCUBE_BOX_PROJECTION UNITY_SPECCUBE_BLENDING UNITY_ENABLE_DETAIL_NORMALMAP SHADER_API_DESKTOP UNITY_LIGHT_PROBE_PROXY_VOLUME UNITY_LIGHTMAP_RGBM_ENCODING ok=1
Cmd: compileSnippet
  api=4 type=0 insize=1909 outsize=846 kw= pd=UNITY_ENABLE_REFLECTION_BUFFERS UNITY_USE_DITHER_MASK_FOR_ALPHABLENDED_SHADOWS UNITY_PBS_USE_BRDF1 UNITY_SPECCUBE_BOX_PROJECTION UNITY_SPECCUBE_BLENDING UNITY_ENABLE_DETAIL_NORMALMAP SHADER_API_DESKTOP UNITY_LIGHT_PROBE_PROXY_VOLUME UNITY_LIGHTMAP_RGBM_ENCODING ok=1
Cmd: compileSnippet
  api=4 type=1 insize=1909 outsize=646 kw= pd=UNITY_ENABLE_REFLECTION_BUFFERS UNITY_USE_DITHER_MASK_FOR_ALPHABLENDED_SHADOWS UNITY_PBS_USE_BRDF1 UNITY_SPECCUBE_BOX_PROJECTION UNITY_SPECCUBE_BLENDING UNITY_ENABLE_DETAIL_NORMALMAP SHADER_API_DESKTOP UNITY_LIGHT_PROBE_PROXY_VOLUME UNITY_LIGHTMAP_RGBM_ENCODING ok=1
Cmd: compileSnippet
  api=4 type=0 insize=1917 outsize=846 kw= pd=UNITY_ENABLE_REFLECTION_BUFFERS UNITY_USE_DITHER_MASK_FOR_ALPHABLENDED_SHADOWS UNITY_PBS_USE_BRDF1 UNITY_SPECCUBE_BOX_PROJECTION UNITY_SPECCUBE_BLENDING UNITY_ENABLE_DETAIL_NORMALMAP SHADER_API_DESKTOP UNITY_LIGHT_PROBE_PROXY_VOLUME UNITY_LIGHTMAP_RGBM_ENCODING ok=1
Cmd: compileSnippet
  api=4 type=1 insize=1917 outsize=646 kw= pd=UNITY_ENABLE_REFLECTION_BUFFERS UNITY_USE_DITHER_MASK_FOR_ALPHABLENDED_SHADOWS UNITY_PBS_USE_BRDF1 UNITY_SPECCUBE_BOX_PROJECTION UNITY_SPECCUBE_BLENDING UNITY_ENABLE_DETAIL_NORMALMAP SHADER_API_DESKTOP UNITY_LIGHT_PROBE_PROXY_VOLUME UNITY_LIGHTMAP_RGBM_ENCODING ok=1
Cmd: preprocessCompute
  insize=7224 outsize=7226 ok=1
Cmd: compileComputeKernel
  error: 2 plat 4 at YkyH.vfx(15): failed to open source file: 'Packages/com.unity.visualeffectgraph/Shaders/RenderPipeline/Universal/VFXDefines.hlsl'
  api=4 insize=7226 outsize=0 ok=0
Cmd: preprocessCompute
  insize=6842 outsize=6844 ok=1
Cmd: compileComputeKernel
  error: 2 plat 4 at YkyH.vfx(14): failed to open source file: 'Packages/com.unity.visualeffectgraph/Shaders/RenderPipeline/Universal/VFXDefines.hlsl'
  api=4 insize=6844 outsize=0 ok=0
Cmd: preprocess
  insize=38601 outsize=618 ok=1
Cmd: preprocessCompute
  insize=7264 outsize=7266 ok=1
Cmd: compileComputeKernel
  error: 2 plat 4 at YkyH.vfx(18): failed to open source file: 'Packages/com.unity.visualeffectgraph/Shaders/RenderPipeline/Universal/VFXDefines.hlsl'
  api=4 insize=7266 outsize=0 ok=0
Cmd: preprocessCompute
  insize=6243 outsize=6245 ok=1
Cmd: compileComputeKernel
  error: 2 plat 4 at YkyH.vfx(13): failed to open source file: 'Packages/com.unity.visualeffectgraph/Shaders/RenderPipeline/Universal/VFXDefines.hlsl'
  api=4 insize=6245 outsize=0 ok=0
Cmd: preprocess
  insize=38615 outsize=618 ok=1
Cmd: initializeCompiler
Cmd: preprocessCompute
  insize=1366 outsize=1372 ok=1
Cmd: compileComputeKernel
  api=4 insize=1372 outsize=666 ok=1
Cmd: preprocessCompute
  insize=5013 outsize=5015 ok=1
Cmd: compileComputeKernel
  api=4 insize=5015 outsize=2757 ok=1
Cmd: preprocess
  insize=3759 outsize=647 ok=1
Cmd: compileSnippet
  api=4 type=0 insize=3555 outsize=1358 kw= pd=UNITY_ENABLE_REFLECTION_BUFFERS UNITY_USE_DITHER_MASK_FOR_ALPHABLENDED_SHADOWS UNITY_PBS_USE_BRDF1 UNITY_SPECCUBE_BOX_PROJECTION UNITY_SPECCUBE_BLENDING UNITY_ENABLE_DETAIL_NORMALMAP SHADER_API_DESKTOP UNITY_LIGHT_PROBE_PROXY_VOLUME UNITY_LIGHTMAP_RGBM_ENCODING ok=1
Cmd: compileSnippet
  api=4 type=1 insize=3555 outsize=1046 kw= pd=UNITY_ENABLE_REFLECTION_BUFFERS UNITY_USE_DITHER_MASK_FOR_ALPHABLENDED_SHADOWS UNITY_PBS_USE_BRDF1 UNITY_SPECCUBE_BOX_PROJECTION UNITY_SPECCUBE_BLENDING UNITY_ENABLE_DETAIL_NORMALMAP SHADER_API_DESKTOP UNITY_LIGHT_PROBE_PROXY_VOLUME UNITY_LIGHTMAP_RGBM_ENCODING ok=1
Cmd: preprocess
  insize=1074 outsize=379 ok=1
Cmd: compileSnippet
  api=4 type=0 insize=1136 outsize=538 kw= pd=UNITY_ENABLE_REFLECTION_BUFFERS UNITY_USE_DITHER_MASK_FOR_ALPHABLENDED_SHADOWS UNITY_PBS_USE_BRDF1 UNITY_SPECCUBE_BOX_PROJECTION UNITY_SPECCUBE_BLENDING UNITY_ENABLE_DETAIL_NORMALMAP SHADER_API_DESKTOP UNITY_LIGHT_PROBE_PROXY_VOLUME UNITY_LIGHTMAP_RGBM_ENCODING ok=1
Cmd: compileSnippet
  api=4 type=1 insize=1136 outsize=262 kw= pd=UNITY_ENABLE_REFLECTION_BUFFERS UNITY_USE_DITHER_MASK_FOR_ALPHABLENDED_SHADOWS UNITY_PBS_USE_BRDF1 UNITY_SPECCUBE_BOX_PROJECTION UNITY_SPECCUBE_BLENDING UNITY_ENABLE_DETAIL_NORMALMAP SHADER_API_DESKTOP UNITY_LIGHT_PROBE_PROXY_VOLUME UNITY_LIGHTMAP_RGBM_ENCODING ok=1
Cmd: preprocessCompute
  insize=9091 outsize=9103 ok=1
Cmd: compileComputeKernel
  api=4 insize=9103 outsize=2780 ok=1
Cmd: preprocess
  insize=4178 outsize=709 ok=1
Cmd: compileSnippet
  api=4 type=0 insize=3912 outsize=1490 kw= pd=UNITY_ENABLE_REFLECTION_BUFFERS UNITY_USE_DITHER_MASK_FOR_ALPHABLENDED_SHADOWS UNITY_PBS_USE_BRDF1 UNITY_SPECCUBE_BOX_PROJECTION UNITY_SPECCUBE_BLENDING UNITY_ENABLE_DETAIL_NORMALMAP SHADER_API_DESKTOP UNITY_LIGHT_PROBE_PROXY_VOLUME UNITY_LIGHTMAP_RGBM_ENCODING ok=1
Cmd: compileSnippet
  api=4 type=1 insize=3912 outsize=1502 kw= pd=UNITY_ENABLE_REFLECTION_BUFFERS UNITY_USE_DITHER_MASK_FOR_ALPHABLENDED_SHADOWS UNITY_PBS_USE_BRDF1 UNITY_SPECCUBE_BOX_PROJECTION UNITY_SPECCUBE_BLENDING UNITY_ENABLE_DETAIL_NORMALMAP SHADER_API_DESKTOP UNITY_LIGHT_PROBE_PROXY_VOLUME UNITY_LIGHTMAP_RGBM_ENCODING ok=1
Cmd: preprocess
  insize=1414 outsize=393 ok=1
Cmd: compileSnippet
  api=4 type=0 insize=1462 outsize=650 kw= pd=UNITY_ENABLE_REFLECTION_BUFFERS UNITY_USE_DITHER_MASK_FOR_ALPHABLENDED_SHADOWS UNITY_PBS_USE_BRDF1 UNITY_SPECCUBE_BOX_PROJECTION UNITY_SPECCUBE_BLENDING UNITY_ENABLE_DETAIL_NORMALMAP SHADER_API_DESKTOP UNITY_LIGHT_PROBE_PROXY_VOLUME UNITY_LIGHTMAP_RGBM_ENCODING ok=1
Cmd: compileSnippet
  api=4 type=1 insize=1462 outsize=298 kw= pd=UNITY_ENABLE_REFLECTION_BUFFERS UNITY_USE_DITHER_MASK_FOR_ALPHABLENDED_SHADOWS UNITY_PBS_USE_BRDF1 UNITY_SPECCUBE_BOX_PROJECTION UNITY_SPECCUBE_BLENDING UNITY_ENABLE_DETAIL_NORMALMAP SHADER_API_DESKTOP UNITY_LIGHT_PROBE_PROXY_VOLUME UNITY_LIGHTMAP_RGBM_ENCODING ok=1
Cmd: preprocessCompute
  insize=1163 outsize=1165 ok=1
Cmd: compileComputeKernel
  api=4 insize=1165 outsize=1319 ok=1
Cmd: preprocessCompute
  insize=7242 outsize=7244 ok=1
Cmd: compileComputeKernel
  api=4 insize=7244 outsize=2715 ok=1
Cmd: preprocessCompute
  insize=6842 outsize=6844 ok=1
Cmd: compileComputeKernel
  api=4 insize=6844 outsize=1791 ok=1
Cmd: preprocess
  insize=38601 outsize=618 ok=1
Cmd: preprocessCompute
  insize=7342 outsize=7344 ok=1
Cmd: compileComputeKernel
  api=4 insize=7344 outsize=3304 ok=1
Cmd: preprocessCompute
  insize=6196 outsize=6198 ok=1
Cmd: compileComputeKernel
  api=4 insize=6198 outsize=1505 ok=1
Cmd: preprocess
  insize=38615 outsize=618 ok=1
Cmd: preprocessCompute
  insize=7067 outsize=7069 ok=1
Cmd: compileComputeKernel
  api=4 insize=7069 outsize=2435 ok=1
Cmd: preprocessCompute
  insize=7382 outsize=7384 ok=1
Cmd: compileComputeKernel
  api=4 insize=7384 outsize=1960 ok=1
Cmd: preprocess
  insize=39646 outsize=618 ok=1
Cmd: preprocessCompute
  insize=6436 outsize=6438 ok=1
Cmd: compileComputeKernel
  api=4 insize=6438 outsize=2580 ok=1
Cmd: preprocessCompute
  insize=6856 outsize=6858 ok=1
Cmd: compileComputeKernel
  api=4 insize=6858 outsize=1807 ok=1
Cmd: preprocess
  insize=38611 outsize=617 ok=1
Cmd: preprocessCompute
  insize=6956 outsize=6958 ok=1
Cmd: compileComputeKernel
  api=4 insize=6958 outsize=2696 ok=1
Cmd: preprocessCompute
  insize=5790 outsize=5792 ok=1
Cmd: compileComputeKernel
  api=4 insize=5792 outsize=1402 ok=1
Cmd: preprocess
  insize=38803 outsize=617 ok=1
Cmd: preprocessCompute
  insize=7079 outsize=7081 ok=1
Cmd: compileComputeKernel
  api=4 insize=7081 outsize=2533 ok=1
Cmd: preprocessCompute
  insize=7350 outsize=7352 ok=1
Cmd: compileComputeKernel
  api=4 insize=7352 outsize=1994 ok=1
Cmd: preprocess
  insize=39646 outsize=618 ok=1
Cmd: preprocessCompute
  insize=6436 outsize=6438 ok=1
Cmd: preprocessCompute
  insize=6856 outsize=6858 ok=1
Cmd: preprocess
  insize=38611 outsize=617 ok=1
Cmd: preprocessCompute
  insize=6926 outsize=6928 ok=1
Cmd: compileComputeKernel
  api=4 insize=6928 outsize=2754 ok=1
Cmd: preprocessCompute
  insize=5790 outsize=5792 ok=1
Cmd: preprocess
  insize=38803 outsize=617 ok=1
Cmd: preprocessCompute
  insize=7079 outsize=7081 ok=1
Cmd: preprocessCompute
  insize=7350 outsize=7352 ok=1
Cmd: preprocess
  insize=39646 outsize=618 ok=1
Cmd: preprocessCompute
  insize=6436 outsize=6438 ok=1
Cmd: preprocessCompute
  insize=6856 outsize=6858 ok=1
Cmd: preprocess
  insize=38611 outsize=617 ok=1
Cmd: preprocessCompute
  insize=6926 outsize=6928 ok=1
Cmd: preprocessCompute
  insize=5790 outsize=5792 ok=1
Cmd: preprocess
  insize=38803 outsize=617 ok=1
Cmd: preprocessCompute
  insize=7079 outsize=7081 ok=1
Cmd: preprocessCompute
  insize=7350 outsize=7352 ok=1
Cmd: preprocess
  insize=39646 outsize=618 ok=1
Cmd: preprocessCompute
  insize=6436 outsize=6438 ok=1
Cmd: preprocessCompute
  insize=6856 outsize=6858 ok=1
Cmd: preprocess
  insize=38611 outsize=617 ok=1
Cmd: preprocessCompute
  insize=6926 outsize=6928 ok=1
Cmd: preprocessCompute
  insize=5790 outsize=5792 ok=1
Cmd: preprocess
  insize=38803 outsize=617 ok=1
Cmd: preprocessCompute
  insize=7079 outsize=7081 ok=1
Cmd: preprocessCompute
  insize=7350 outsize=7352 ok=1
Cmd: preprocess
  insize=39646 outsize=618 ok=1
Cmd: preprocessCompute
  insize=6436 outsize=6438 ok=1
Cmd: preprocessCompute
  insize=6856 outsize=6858 ok=1
Cmd: preprocess
  insize=38611 outsize=617 ok=1
Cmd: preprocessCompute
  insize=6926 outsize=6928 ok=1
Cmd: preprocessCompute
  insize=5790 outsize=5792 ok=1
Cmd: preprocess
  insize=38803 outsize=617 ok=1
Cmd: preprocessCompute
  insize=7079 outsize=7081 ok=1
Cmd: preprocessCompute
  insize=7350 outsize=7352 ok=1
Cmd: preprocess
  insize=39646 outsize=618 ok=1
Cmd: preprocessCompute
  insize=6436 outsize=6438 ok=1
Cmd: preprocessCompute
  insize=6856 outsize=6858 ok=1
Cmd: preprocess
  insize=38611 outsize=617 ok=1
Cmd: preprocessCompute
  insize=6926 outsize=6928 ok=1
Cmd: preprocessCompute
  insize=5790 outsize=5792 ok=1
Cmd: preprocess
  insize=38803 outsize=617 ok=1
Cmd: preprocessCompute
  insize=7079 outsize=7081 ok=1
Cmd: preprocessCompute
  insize=7350 outsize=7352 ok=1
Cmd: preprocess
  insize=39646 outsize=618 ok=1
Cmd: preprocessCompute
  insize=6436 outsize=6438 ok=1
Cmd: preprocessCompute
  insize=6856 outsize=6858 ok=1
Cmd: preprocess
  insize=38611 outsize=617 ok=1
Cmd: preprocessCompute
  insize=6926 outsize=6928 ok=1
Cmd: preprocessCompute
  insize=5790 outsize=5792 ok=1
Cmd: preprocess
  insize=38803 outsize=617 ok=1
Cmd: preprocessCompute
  insize=7079 outsize=7081 ok=1
Cmd: preprocessCompute
  insize=7350 outsize=7352 ok=1
Cmd: preprocess
  insize=39646 outsize=618 ok=1
Cmd: preprocessCompute
  insize=6436 outsize=6438 ok=1
Cmd: preprocessCompute
  insize=6856 outsize=6858 ok=1
Cmd: preprocess
  insize=38611 outsize=617 ok=1
Cmd: preprocessCompute
  insize=6926 outsize=6928 ok=1
Cmd: preprocessCompute
  insize=5790 outsize=5792 ok=1
Cmd: preprocess
  insize=38803 outsize=617 ok=1
Cmd: preprocessCompute
  insize=7079 outsize=7081 ok=1
Cmd: preprocessCompute
  insize=7350 outsize=7352 ok=1
Cmd: preprocess
  insize=39646 outsize=618 ok=1
Cmd: preprocessCompute
  insize=6436 outsize=6438 ok=1
Cmd: preprocessCompute
  insize=6856 outsize=6858 ok=1
Cmd: preprocess
  insize=38611 outsize=617 ok=1
Cmd: preprocessCompute
  insize=6926 outsize=6928 ok=1
Cmd: preprocessCompute
  insize=5790 outsize=5792 ok=1
Cmd: preprocess
  insize=38803 outsize=617 ok=1
Cmd: preprocessCompute
  insize=7079 outsize=7081 ok=1
Cmd: preprocessCompute
  insize=7350 outsize=7352 ok=1
Cmd: preprocess
  insize=39646 outsize=618 ok=1
Cmd: preprocessCompute
  insize=6436 outsize=6438 ok=1
Cmd: preprocessCompute
  insize=6856 outsize=6858 ok=1
Cmd: preprocess
  insize=38611 outsize=617 ok=1
Cmd: preprocessCompute
  insize=6926 outsize=6928 ok=1
Cmd: preprocessCompute
  insize=5790 outsize=5792 ok=1
Cmd: preprocess
  insize=38803 outsize=617 ok=1
Cmd: preprocessCompute
  insize=7079 outsize=7081 ok=1
Cmd: preprocessCompute
  insize=7350 outsize=7352 ok=1
Cmd: preprocess
  insize=39646 outsize=618 ok=1
Cmd: preprocessCompute
  insize=6436 outsize=6438 ok=1
Cmd: preprocessCompute
  insize=6856 outsize=6858 ok=1
Cmd: preprocess
  insize=38611 outsize=617 ok=1
Cmd: preprocessCompute
  insize=6926 outsize=6928 ok=1
Cmd: preprocessCompute
  insize=5790 outsize=5792 ok=1
Cmd: preprocess
  insize=38803 outsize=617 ok=1
Cmd: preprocessCompute
  insize=7079 outsize=7081 ok=1
Cmd: preprocessCompute
  insize=7350 outsize=7352 ok=1
Cmd: preprocess
  insize=39646 outsize=618 ok=1
Cmd: preprocessCompute
  insize=6436 outsize=6438 ok=1
Cmd: preprocessCompute
  insize=6856 outsize=6858 ok=1
Cmd: preprocess
  insize=38611 outsize=617 ok=1
Cmd: preprocessCompute
  insize=6926 outsize=6928 ok=1
Cmd: preprocessCompute
  insize=5790 outsize=5792 ok=1
Cmd: preprocess
  insize=38803 outsize=617 ok=1
Cmd: preprocessCompute
  insize=7079 outsize=7081 ok=1
Cmd: preprocessCompute
  insize=7350 outsize=7352 ok=1
Cmd: preprocess
  insize=39646 outsize=618 ok=1
Cmd: preprocessCompute
  insize=6437 outsize=6439 ok=1
Cmd: compileComputeKernel
  api=4 insize=6439 outsize=2580 ok=1
Cmd: preprocessCompute
  insize=6856 outsize=6858 ok=1
Cmd: compileComputeKernel
  api=4 insize=6858 outsize=1807 ok=1
Cmd: preprocess
  insize=38615 outsize=618 ok=1
Cmd: preprocessCompute
  insize=6926 outsize=6928 ok=1
Cmd: preprocessCompute
  insize=5790 outsize=5792 ok=1
Cmd: preprocess
  insize=38803 outsize=617 ok=1
Cmd: preprocessCompute
  insize=7079 outsize=7081 ok=1
Cmd: preprocessCompute
  insize=7350 outsize=7352 ok=1
Cmd: preprocess
  insize=39646 outsize=618 ok=1
Cmd: preprocessCompute
  insize=6431 outsize=6433 ok=1
Cmd: compileComputeKernel
  api=4 insize=6433 outsize=2580 ok=1
Cmd: preprocessCompute
  insize=6842 outsize=6844 ok=1
Cmd: compileComputeKernel
  api=4 insize=6844 outsize=1807 ok=1
Cmd: preprocess
  insize=38593 outsize=618 ok=1
Cmd: preprocessCompute
  insize=6926 outsize=6928 ok=1
Cmd: preprocessCompute
  insize=5790 outsize=5792 ok=1
Cmd: preprocess
  insize=38803 outsize=617 ok=1
Cmd: preprocessCompute
  insize=7079 outsize=7081 ok=1
Cmd: preprocessCompute
  insize=7350 outsize=7352 ok=1
Cmd: preprocess
  insize=39646 outsize=618 ok=1
Cmd: preprocessCompute
  insize=6436 outsize=6438 ok=1
Cmd: compileComputeKernel
  api=4 insize=6438 outsize=2580 ok=1
Cmd: preprocessCompute
  insize=6856 outsize=6858 ok=1
Cmd: compileComputeKernel
  api=4 insize=6858 outsize=1807 ok=1
Cmd: preprocess
  insize=38611 outsize=618 ok=1
Cmd: preprocessCompute
  insize=6926 outsize=6928 ok=1
Cmd: preprocessCompute
  insize=5790 outsize=5792 ok=1
Cmd: preprocess
  insize=38803 outsize=617 ok=1
Cmd: preprocessCompute
  insize=7079 outsize=7081 ok=1
Cmd: preprocessCompute
  insize=7350 outsize=7352 ok=1
Cmd: preprocess
  insize=39646 outsize=618 ok=1
Cmd: preprocessCompute
  insize=6436 outsize=6438 ok=1
Cmd: preprocessCompute
  insize=6856 outsize=6858 ok=1
Cmd: preprocess
  insize=38611 outsize=618 ok=1
Cmd: preprocessCompute
  insize=6920 outsize=6922 ok=1
Cmd: compileComputeKernel
  api=4 insize=6922 outsize=2754 ok=1
Cmd: preprocessCompute
  insize=5776 outsize=5778 ok=1
Cmd: compileComputeKernel
  api=4 insize=5778 outsize=1402 ok=1
Cmd: preprocess
  insize=38781 outsize=617 ok=1
Cmd: preprocessCompute
  insize=7079 outsize=7081 ok=1
Cmd: preprocessCompute
  insize=7350 outsize=7352 ok=1
Cmd: preprocess
  insize=39646 outsize=618 ok=1
Cmd: preprocessCompute
  insize=6436 outsize=6438 ok=1
Cmd: preprocessCompute
  insize=6856 outsize=6858 ok=1
Cmd: preprocess
  insize=38611 outsize=618 ok=1
Cmd: preprocessCompute
  insize=6926 outsize=6928 ok=1
Cmd: preprocessCompute
  insize=5790 outsize=5792 ok=1
Cmd: preprocess
  insize=38803 outsize=617 ok=1
Cmd: preprocessCompute
  insize=7079 outsize=7081 ok=1
Cmd: preprocessCompute
  insize=7350 outsize=7352 ok=1
Cmd: preprocess
  insize=39646 outsize=618 ok=1
Cmd: preprocessCompute
  insize=6430 outsize=6432 ok=1
Cmd: compileComputeKernel
  api=4 insize=6432 outsize=2580 ok=1
Cmd: preprocessCompute
  insize=6840 outsize=6842 ok=1
Cmd: compileComputeKernel
  api=4 insize=6842 outsize=1807 ok=1
Cmd: preprocess
  insize=38593 outsize=617 ok=1
Cmd: preprocessCompute
  insize=6926 outsize=6928 ok=1
Cmd: preprocessCompute
  insize=5790 outsize=5792 ok=1
Cmd: preprocess
  insize=38803 outsize=617 ok=1
Cmd: preprocessCompute
  insize=7079 outsize=7081 ok=1
Cmd: preprocessCompute
  insize=7350 outsize=7352 ok=1
Cmd: preprocess
  insize=39646 outsize=618 ok=1
Cmd: preprocessCompute
  insize=6436 outsize=6438 ok=1
Cmd: preprocessCompute
  insize=6856 outsize=6858 ok=1
Cmd: preprocess
  insize=38611 outsize=618 ok=1
Cmd: preprocessCompute
  insize=6926 outsize=6928 ok=1
Cmd: preprocessCompute
  insize=5790 outsize=5792 ok=1
Cmd: preprocess
  insize=38803 outsize=617 ok=1
Cmd: preprocessCompute
  insize=7079 outsize=7081 ok=1
Cmd: preprocessCompute
  insize=7350 outsize=7352 ok=1
Cmd: preprocess
  insize=39646 outsize=618 ok=1
Cmd: preprocessCompute
  insize=6436 outsize=6438 ok=1
Cmd: preprocessCompute
  insize=6856 outsize=6858 ok=1
Cmd: preprocess
  insize=38611 outsize=618 ok=1
Cmd: preprocessCompute
  insize=6920 outsize=6922 ok=1
Cmd: preprocessCompute
  insize=5776 outsize=5778 ok=1
Cmd: preprocess
  insize=38781 outsize=617 ok=1
Cmd: preprocessCompute
  insize=7079 outsize=7081 ok=1
Cmd: preprocessCompute
  insize=7350 outsize=7352 ok=1
Cmd: preprocess
  insize=39646 outsize=618 ok=1
Cmd: preprocessCompute
  insize=6436 outsize=6438 ok=1
Cmd: preprocessCompute
  insize=6856 outsize=6858 ok=1
Cmd: preprocess
  insize=38611 outsize=618 ok=1
Cmd: preprocessCompute
  insize=6926 outsize=6928 ok=1
Cmd: preprocessCompute
  insize=5790 outsize=5792 ok=1
Cmd: preprocess
  insize=38803 outsize=617 ok=1
Cmd: preprocessCompute
  insize=7079 outsize=7081 ok=1
Cmd: preprocessCompute
  insize=7350 outsize=7352 ok=1
Cmd: preprocess
  insize=39646 outsize=618 ok=1
Cmd: preprocessCompute
  insize=6436 outsize=6438 ok=1
Cmd: preprocessCompute
  insize=6856 outsize=6858 ok=1
Cmd: preprocess
  insize=38611 outsize=617 ok=1
Cmd: preprocessCompute
  insize=6926 outsize=6928 ok=1
Cmd: preprocessCompute
  insize=5790 outsize=5792 ok=1
Cmd: preprocess
  insize=38803 outsize=617 ok=1
Cmd: preprocessCompute
  insize=7073 outsize=7075 ok=1
Cmd: compileComputeKernel
  api=4 insize=7075 outsize=2533 ok=1
Cmd: preprocessCompute
  insize=7332 outsize=7334 ok=1
Cmd: compileComputeKernel
  api=4 insize=7334 outsize=1994 ok=1
Cmd: preprocess
  insize=39624 outsize=618 ok=1
Cmd: preprocessCompute
  insize=6436 outsize=6438 ok=1
Cmd: preprocessCompute
  insize=6856 outsize=6858 ok=1
Cmd: preprocess
  insize=38611 outsize=617 ok=1
Cmd: preprocessCompute
  insize=6926 outsize=6928 ok=1
Cmd: preprocessCompute
  insize=5790 outsize=5792 ok=1
Cmd: preprocess
  insize=38803 outsize=617 ok=1
Cmd: preprocessCompute
  insize=7079 outsize=7081 ok=1
Cmd: preprocessCompute
  insize=7350 outsize=7352 ok=1
Cmd: preprocess
  insize=39646 outsize=618 ok=1
Cmd: preprocessCompute
  insize=6436 outsize=6438 ok=1
Cmd: preprocessCompute
  insize=6856 outsize=6858 ok=1
Cmd: preprocess
  insize=38611 outsize=617 ok=1
Cmd: preprocessCompute
  insize=6926 outsize=6928 ok=1
Cmd: preprocessCompute
  insize=5790 outsize=5792 ok=1
Cmd: preprocess
  insize=38803 outsize=617 ok=1
Cmd: preprocessCompute
  insize=7079 outsize=7081 ok=1
Cmd: preprocessCompute
  insize=7350 outsize=7352 ok=1
Cmd: preprocess
  insize=39646 outsize=618 ok=1
Cmd: preprocessCompute
  insize=6436 outsize=6438 ok=1
Cmd: preprocessCompute
  insize=6856 outsize=6858 ok=1
Cmd: preprocess
  insize=38611 outsize=617 ok=1
Cmd: preprocessCompute
  insize=6926 outsize=6928 ok=1
Cmd: preprocessCompute
  insize=5790 outsize=5792 ok=1
Cmd: preprocess
  insize=38803 outsize=617 ok=1
Cmd: preprocessCompute
  insize=7079 outsize=7081 ok=1
Cmd: preprocessCompute
  insize=7350 outsize=7352 ok=1
Cmd: preprocess
  insize=39646 outsize=618 ok=1
Cmd: preprocessCompute
  insize=6436 outsize=6438 ok=1
Cmd: preprocessCompute
  insize=6856 outsize=6858 ok=1
Cmd: preprocess
  insize=38611 outsize=617 ok=1
Cmd: preprocessCompute
  insize=6926 outsize=6928 ok=1
Cmd: preprocessCompute
  insize=5790 outsize=5792 ok=1
Cmd: preprocess
  insize=38803 outsize=617 ok=1
Cmd: preprocessCompute
  insize=7079 outsize=7081 ok=1
Cmd: preprocessCompute
  insize=7350 outsize=7352 ok=1
Cmd: preprocess
  insize=39646 outsize=618 ok=1
Cmd: preprocessCompute
  insize=6436 outsize=6438 ok=1
Cmd: preprocessCompute
  insize=6856 outsize=6858 ok=1
Cmd: preprocess
  insize=38611 outsize=617 ok=1
Cmd: preprocessCompute
  insize=6926 outsize=6928 ok=1
Cmd: preprocessCompute
  insize=5790 outsize=5792 ok=1
Cmd: preprocess
  insize=38803 outsize=617 ok=1
Cmd: preprocessCompute
  insize=7079 outsize=7081 ok=1
Cmd: preprocessCompute
  insize=7350 outsize=7352 ok=1
Cmd: preprocess
  insize=39646 outsize=618 ok=1
Cmd: preprocessCompute
  insize=6436 outsize=6438 ok=1
Cmd: preprocessCompute
  insize=6856 outsize=6858 ok=1
Cmd: preprocess
  insize=38611 outsize=617 ok=1
Cmd: preprocessCompute
  insize=6926 outsize=6928 ok=1
Cmd: preprocessCompute
  insize=5790 outsize=5792 ok=1
Cmd: preprocess
  insize=38803 outsize=617 ok=1
Cmd: preprocessCompute
  insize=7079 outsize=7081 ok=1
Cmd: preprocessCompute
  insize=7350 outsize=7352 ok=1
Cmd: preprocess
  insize=39646 outsize=618 ok=1
Cmd: preprocessCompute
  insize=6436 outsize=6438 ok=1
Cmd: preprocessCompute
  insize=6856 outsize=6858 ok=1
Cmd: preprocess
  insize=38611 outsize=617 ok=1
Cmd: preprocessCompute
  insize=6926 outsize=6928 ok=1
Cmd: preprocessCompute
  insize=5790 outsize=5792 ok=1
Cmd: preprocess
  insize=38803 outsize=617 ok=1
Cmd: preprocessCompute
  insize=7079 outsize=7081 ok=1
Cmd: preprocessCompute
  insize=7350 outsize=7352 ok=1
Cmd: preprocess
  insize=39646 outsize=618 ok=1
Cmd: preprocessCompute
  insize=6436 outsize=6438 ok=1
Cmd: preprocessCompute
  insize=6856 outsize=6858 ok=1
Cmd: preprocess
  insize=38611 outsize=617 ok=1
Cmd: preprocessCompute
  insize=6926 outsize=6928 ok=1
Cmd: preprocessCompute
  insize=5790 outsize=5792 ok=1
Cmd: preprocess
  insize=38803 outsize=617 ok=1
Cmd: preprocessCompute
  insize=7079 outsize=7081 ok=1
Cmd: preprocessCompute
  insize=7350 outsize=7352 ok=1
Cmd: preprocess
  insize=39646 outsize=618 ok=1
Cmd: preprocessCompute
  insize=6436 outsize=6438 ok=1
Cmd: preprocessCompute
  insize=6856 outsize=6858 ok=1
Cmd: preprocess
  insize=38611 outsize=617 ok=1
Cmd: preprocessCompute
  insize=6926 outsize=6928 ok=1
Cmd: preprocessCompute
  insize=5790 outsize=5792 ok=1
Cmd: preprocess
  insize=38803 outsize=617 ok=1
Cmd: preprocessCompute
  insize=7079 outsize=7081 ok=1
Cmd: preprocessCompute
  insize=7350 outsize=7352 ok=1
Cmd: preprocess
  insize=39646 outsize=618 ok=1
Cmd: preprocessCompute
  insize=6436 outsize=6438 ok=1
Cmd: preprocessCompute
  insize=6856 outsize=6858 ok=1
Cmd: preprocess
  insize=38611 outsize=617 ok=1
Cmd: preprocessCompute
  insize=6926 outsize=6928 ok=1
Cmd: preprocessCompute
  insize=5790 outsize=5792 ok=1
Cmd: preprocess
  insize=38803 outsize=617 ok=1
Cmd: preprocessCompute
  insize=7079 outsize=7081 ok=1
Cmd: preprocessCompute
  insize=7350 outsize=7352 ok=1
Cmd: preprocess
  insize=39646 outsize=618 ok=1
Cmd: preprocessCompute
  insize=6436 outsize=6438 ok=1
Cmd: preprocessCompute
  insize=6856 outsize=6858 ok=1
Cmd: preprocess
  insize=38611 outsize=617 ok=1
Cmd: preprocessCompute
  insize=6926 outsize=6928 ok=1
Cmd: preprocessCompute
  insize=5790 outsize=5792 ok=1
Cmd: preprocess
  insize=38803 outsize=617 ok=1
Cmd: preprocessCompute
  insize=7079 outsize=7081 ok=1
Cmd: preprocessCompute
  insize=7350 outsize=7352 ok=1
Cmd: preprocess
  insize=39646 outsize=618 ok=1
Cmd: preprocessCompute
  insize=6436 outsize=6438 ok=1
Cmd: preprocessCompute
  insize=6856 outsize=6858 ok=1
Cmd: preprocess
  insize=38611 outsize=617 ok=1
Cmd: preprocessCompute
  insize=6926 outsize=6928 ok=1
Cmd: preprocessCompute
  insize=5790 outsize=5792 ok=1
Cmd: preprocess
  insize=38803 outsize=617 ok=1
Cmd: preprocessCompute
  insize=7079 outsize=7081 ok=1
Cmd: preprocessCompute
  insize=7350 outsize=7352 ok=1
Cmd: preprocess
  insize=39646 outsize=618 ok=1
Cmd: preprocessCompute
  insize=6436 outsize=6438 ok=1
Cmd: preprocessCompute
  insize=6856 outsize=6858 ok=1
Cmd: preprocess
  insize=38611 outsize=617 ok=1
Cmd: preprocessCompute
  insize=6926 outsize=6928 ok=1
Cmd: preprocessCompute
  insize=5790 outsize=5792 ok=1
Cmd: preprocess
  insize=38803 outsize=617 ok=1
Cmd: preprocessCompute
  insize=8636 outsize=8638 ok=1
Cmd: compileComputeKernel
  api=4 insize=8638 outsize=3601 ok=1
Cmd: preprocessCompute
  insize=7350 outsize=7352 ok=1
Cmd: compileComputeKernel
  api=4 insize=7352 outsize=1994 ok=1
Cmd: preprocess
  insize=39646 outsize=618 ok=1
Cmd: preprocessCompute
  insize=6436 outsize=6438 ok=1
Cmd: preprocessCompute
  insize=6856 outsize=6858 ok=1
Cmd: preprocess
  insize=38611 outsize=617 ok=1
Cmd: preprocessCompute
  insize=6926 outsize=6928 ok=1
Cmd: preprocessCompute
  insize=5790 outsize=5792 ok=1
Cmd: preprocess
  insize=38803 outsize=617 ok=1
Cmd: preprocessCompute
  insize=7079 outsize=7081 ok=1
Cmd: preprocessCompute
  insize=7350 outsize=7352 ok=1
Cmd: preprocess
  insize=39646 outsize=618 ok=1
Cmd: preprocessCompute
  insize=6436 outsize=6438 ok=1
Cmd: preprocessCompute
  insize=6856 outsize=6858 ok=1
Cmd: preprocess
  insize=38611 outsize=617 ok=1
Cmd: preprocessCompute
  insize=6926 outsize=6928 ok=1
Cmd: preprocessCompute
  insize=5790 outsize=5792 ok=1
Cmd: preprocess
  insize=38803 outsize=617 ok=1
Cmd: preprocessCompute
  insize=7079 outsize=7081 ok=1
Cmd: preprocessCompute
  insize=7350 outsize=7352 ok=1
Cmd: preprocess
  insize=39646 outsize=618 ok=1
Cmd: preprocessCompute
  insize=6436 outsize=6438 ok=1
Cmd: preprocessCompute
  insize=6856 outsize=6858 ok=1
Cmd: preprocess
  insize=38611 outsize=617 ok=1
Cmd: preprocessCompute
  insize=6926 outsize=6928 ok=1
Cmd: preprocessCompute
  insize=5790 outsize=5792 ok=1
Cmd: preprocess
  insize=38803 outsize=617 ok=1
Cmd: preprocessCompute
  insize=7079 outsize=7081 ok=1
Cmd: preprocessCompute
  insize=7350 outsize=7352 ok=1
Cmd: preprocess
  insize=39646 outsize=618 ok=1
Cmd: preprocessCompute
  insize=6436 outsize=6438 ok=1
Cmd: preprocessCompute
  insize=6856 outsize=6858 ok=1
Cmd: preprocess
  insize=38611 outsize=617 ok=1
Cmd: preprocessCompute
  insize=6926 outsize=6928 ok=1
Cmd: preprocessCompute
  insize=5790 outsize=5792 ok=1
Cmd: preprocess
  insize=38803 outsize=617 ok=1
Cmd: preprocessCompute
  insize=7079 outsize=7081 ok=1
Cmd: preprocessCompute
  insize=7350 outsize=7352 ok=1
Cmd: preprocess
  insize=39646 outsize=618 ok=1
Cmd: preprocessCompute
  insize=7993 outsize=7995 ok=1
Cmd: compileComputeKernel
  api=4 insize=7995 outsize=3644 ok=1
Cmd: preprocessCompute
  insize=6856 outsize=6858 ok=1
Cmd: compileComputeKernel
  api=4 insize=6858 outsize=1791 ok=1
Cmd: preprocess
  insize=38611 outsize=618 ok=1
Cmd: preprocessCompute
  insize=6926 outsize=6928 ok=1
Cmd: preprocessCompute
  insize=5790 outsize=5792 ok=1
Cmd: preprocess
  insize=38803 outsize=617 ok=1
Cmd: preprocessCompute
  insize=7079 outsize=7081 ok=1
Cmd: preprocessCompute
  insize=7350 outsize=7352 ok=1
Cmd: preprocess
  insize=39646 outsize=618 ok=1
Cmd: preprocessCompute
  insize=6436 outsize=6438 ok=1
Cmd: preprocessCompute
  insize=6856 outsize=6858 ok=1
Cmd: preprocess
  insize=38611 outsize=617 ok=1
Cmd: preprocessCompute
  insize=6926 outsize=6928 ok=1
Cmd: preprocessCompute
  insize=5790 outsize=5792 ok=1
Cmd: preprocess
  insize=38803 outsize=617 ok=1
Cmd: preprocessCompute
  insize=7079 outsize=7081 ok=1
Cmd: preprocessCompute
  insize=7350 outsize=7352 ok=1
Cmd: preprocess
  insize=39646 outsize=618 ok=1
Cmd: preprocessCompute
  insize=7527 outsize=7529 ok=1
Cmd: compileComputeKernel
  api=4 insize=7529 outsize=3217 ok=1
Cmd: preprocessCompute
  insize=6856 outsize=6858 ok=1
Cmd: preprocess
  insize=38611 outsize=618 ok=1
Cmd: preprocessCompute
  insize=6926 outsize=6928 ok=1
Cmd: preprocessCompute
  insize=5790 outsize=5792 ok=1
Cmd: preprocess
  insize=38803 outsize=617 ok=1
Cmd: preprocessCompute
  insize=7079 outsize=7081 ok=1
Cmd: preprocessCompute
  insize=7350 outsize=7352 ok=1
Cmd: preprocess
  insize=39646 outsize=618 ok=1
Cmd: preprocessCompute
  insize=6436 outsize=6438 ok=1
Cmd: preprocessCompute
  insize=6856 outsize=6858 ok=1
Cmd: preprocess
  insize=38611 outsize=617 ok=1
Cmd: preprocessCompute
  insize=6926 outsize=6928 ok=1
Cmd: preprocessCompute
  insize=5790 outsize=5792 ok=1
Cmd: preprocess
  insize=38803 outsize=617 ok=1
Cmd: preprocessCompute
  insize=7079 outsize=7081 ok=1
Cmd: preprocessCompute
  insize=7350 outsize=7352 ok=1
Cmd: preprocess
  insize=39646 outsize=618 ok=1
Cmd: preprocessCompute
  insize=7993 outsize=7995 ok=1
Cmd: preprocessCompute
  insize=6856 outsize=6858 ok=1
Cmd: preprocess
  insize=38611 outsize=618 ok=1
Cmd: preprocessCompute
  insize=6926 outsize=6928 ok=1
Cmd: preprocessCompute
  insize=5790 outsize=5792 ok=1
Cmd: preprocess
  insize=38803 outsize=617 ok=1
Cmd: preprocessCompute
  insize=7079 outsize=7081 ok=1
Cmd: preprocessCompute
  insize=7350 outsize=7352 ok=1
Cmd: preprocess
  insize=39646 outsize=618 ok=1
Cmd: preprocessCompute
  insize=7993 outsize=7995 ok=1
Cmd: preprocessCompute
  insize=6856 outsize=6858 ok=1
Cmd: preprocess
  insize=38611 outsize=618 ok=1
Cmd: preprocessCompute
  insize=6926 outsize=6928 ok=1
Cmd: preprocessCompute
  insize=5790 outsize=5792 ok=1
Cmd: preprocess
  insize=38803 outsize=617 ok=1
Cmd: preprocessCompute
  insize=7079 outsize=7081 ok=1
Cmd: preprocessCompute
  insize=7350 outsize=7352 ok=1
Cmd: preprocess
  insize=39646 outsize=618 ok=1
Cmd: preprocessCompute
  insize=6436 outsize=6438 ok=1
Cmd: preprocessCompute
  insize=6856 outsize=6858 ok=1
Cmd: preprocess
  insize=38611 outsize=617 ok=1
Cmd: preprocessCompute
  insize=6926 outsize=6928 ok=1
Cmd: preprocessCompute
  insize=5790 outsize=5792 ok=1
Cmd: preprocess
  insize=38803 outsize=617 ok=1
Cmd: preprocessCompute
  insize=7079 outsize=7081 ok=1
Cmd: preprocessCompute
  insize=7350 outsize=7352 ok=1
Cmd: preprocess
  insize=39646 outsize=618 ok=1
Cmd: preprocessCompute
  insize=7733 outsize=7735 ok=1
Cmd: compileComputeKernel
  api=4 insize=7735 outsize=2986 ok=1
Cmd: preprocessCompute
  insize=6856 outsize=6858 ok=1
Cmd: preprocess
  insize=38611 outsize=618 ok=1
Cmd: preprocessCompute
  insize=6926 outsize=6928 ok=1
Cmd: preprocessCompute
  insize=5790 outsize=5792 ok=1
Cmd: preprocess
  insize=38803 outsize=617 ok=1
Cmd: preprocessCompute
  insize=7079 outsize=7081 ok=1
Cmd: preprocessCompute
  insize=7350 outsize=7352 ok=1
Cmd: preprocess
  insize=39646 outsize=618 ok=1
Cmd: preprocessCompute
  insize=6436 outsize=6438 ok=1
Cmd: preprocessCompute
  insize=6856 outsize=6858 ok=1
Cmd: preprocess
  insize=38611 outsize=617 ok=1
Cmd: preprocessCompute
  insize=6926 outsize=6928 ok=1
Cmd: preprocessCompute
  insize=5790 outsize=5792 ok=1
Cmd: preprocess
  insize=38803 outsize=617 ok=1
Cmd: preprocessCompute
  insize=7079 outsize=7081 ok=1
Cmd: preprocessCompute
  insize=7350 outsize=7352 ok=1
Cmd: preprocess
  insize=39646 outsize=618 ok=1
Cmd: preprocessCompute
  insize=7492 outsize=7494 ok=1
Cmd: compileComputeKernel
  api=4 insize=7494 outsize=2975 ok=1
Cmd: preprocessCompute
  insize=6856 outsize=6858 ok=1
Cmd: preprocess
  insize=38611 outsize=618 ok=1
Cmd: preprocessCompute
  insize=6926 outsize=6928 ok=1
Cmd: preprocessCompute
  insize=5790 outsize=5792 ok=1
Cmd: preprocess
  insize=38803 outsize=617 ok=1
Cmd: preprocessCompute
  insize=7079 outsize=7081 ok=1
Cmd: preprocessCompute
  insize=7350 outsize=7352 ok=1
Cmd: preprocess
  insize=39646 outsize=618 ok=1
Cmd: preprocessCompute
  insize=6436 outsize=6438 ok=1
Cmd: preprocessCompute
  insize=6856 outsize=6858 ok=1
Cmd: preprocess
  insize=38611 outsize=617 ok=1
Cmd: preprocessCompute
  insize=6926 outsize=6928 ok=1
Cmd: preprocessCompute
  insize=5790 outsize=5792 ok=1
Cmd: preprocess
  insize=38803 outsize=617 ok=1
Cmd: preprocessCompute
  insize=7079 outsize=7081 ok=1
Cmd: preprocessCompute
  insize=7350 outsize=7352 ok=1
Cmd: preprocess
  insize=39646 outsize=618 ok=1
Cmd: preprocessCompute
  insize=7842 outsize=7844 ok=1
Cmd: compileComputeKernel
  api=4 insize=7844 outsize=3159 ok=1
Cmd: preprocessCompute
  insize=6856 outsize=6858 ok=1
Cmd: preprocess
  insize=38611 outsize=618 ok=1
Cmd: preprocessCompute
  insize=6926 outsize=6928 ok=1
Cmd: preprocessCompute
  insize=5790 outsize=5792 ok=1
Cmd: preprocess
  insize=38803 outsize=617 ok=1
Cmd: preprocessCompute
  insize=7079 outsize=7081 ok=1
Cmd: preprocessCompute
  insize=7350 outsize=7352 ok=1
Cmd: preprocess
  insize=39646 outsize=618 ok=1
Cmd: preprocessCompute
  insize=6436 outsize=6438 ok=1
Cmd: preprocessCompute
  insize=6856 outsize=6858 ok=1
Cmd: preprocess
  insize=38611 outsize=617 ok=1
Cmd: preprocessCompute
  insize=6926 outsize=6928 ok=1
Cmd: preprocessCompute
  insize=5790 outsize=5792 ok=1
Cmd: preprocess
  insize=38803 outsize=617 ok=1
Cmd: preprocessCompute
  insize=7079 outsize=7081 ok=1
Cmd: preprocessCompute
  insize=7350 outsize=7352 ok=1
Cmd: preprocess
  insize=39646 outsize=618 ok=1
Cmd: preprocessCompute
  insize=7993 outsize=7995 ok=1
Cmd: preprocessCompute
  insize=6856 outsize=6858 ok=1
Cmd: preprocess
  insize=38611 outsize=618 ok=1
Cmd: preprocessCompute
  insize=6926 outsize=6928 ok=1
Cmd: preprocessCompute
  insize=5790 outsize=5792 ok=1
Cmd: preprocess
  insize=38803 outsize=617 ok=1
Cmd: preprocessCompute
  insize=7079 outsize=7081 ok=1
Cmd: preprocessCompute
  insize=7350 outsize=7352 ok=1
Cmd: preprocess
  insize=39646 outsize=618 ok=1
Cmd: preprocessCompute
  insize=6436 outsize=6438 ok=1
Cmd: preprocessCompute
  insize=6856 outsize=6858 ok=1
Cmd: preprocess
  insize=38611 outsize=617 ok=1
Cmd: preprocessCompute
  insize=6926 outsize=6928 ok=1
Cmd: preprocessCompute
  insize=5790 outsize=5792 ok=1
Cmd: preprocess
  insize=38803 outsize=617 ok=1
Cmd: preprocessCompute
  insize=7079 outsize=7081 ok=1
Cmd: preprocessCompute
  insize=7350 outsize=7352 ok=1
Cmd: preprocess
  insize=39646 outsize=618 ok=1
Cmd: preprocessCompute
  insize=7733 outsize=7735 ok=1
Cmd: preprocessCompute
  insize=6856 outsize=6858 ok=1
Cmd: preprocess
  insize=38611 outsize=618 ok=1
Cmd: preprocessCompute
  insize=6926 outsize=6928 ok=1
Cmd: preprocessCompute
  insize=5790 outsize=5792 ok=1
Cmd: preprocess
  insize=38803 outsize=617 ok=1
Cmd: preprocessCompute
  insize=7079 outsize=7081 ok=1
Cmd: preprocessCompute
  insize=7350 outsize=7352 ok=1
Cmd: preprocess
  insize=39646 outsize=618 ok=1
Cmd: preprocessCompute
  insize=8221 outsize=8223 ok=1
Cmd: compileComputeKernel
  api=4 insize=8223 outsize=3763 ok=1
Cmd: preprocessCompute
  insize=6856 outsize=6858 ok=1
Cmd: preprocess
  insize=38611 outsize=618 ok=1
Cmd: preprocessCompute
  insize=6926 outsize=6928 ok=1
Cmd: preprocessCompute
  insize=5790 outsize=5792 ok=1
Cmd: preprocess
  insize=38803 outsize=617 ok=1
Cmd: preprocessCompute
  insize=7079 outsize=7081 ok=1
Cmd: preprocessCompute
  insize=7350 outsize=7352 ok=1
Cmd: preprocess
  insize=39646 outsize=618 ok=1
Cmd: preprocessCompute
  insize=7733 outsize=7735 ok=1
Cmd: preprocessCompute
  insize=6856 outsize=6858 ok=1
Cmd: preprocess
  insize=38611 outsize=618 ok=1
Cmd: preprocessCompute
  insize=6926 outsize=6928 ok=1
Cmd: preprocessCompute
  insize=5790 outsize=5792 ok=1
Cmd: preprocess
  insize=38803 outsize=617 ok=1
Cmd: preprocessCompute
  insize=7079 outsize=7081 ok=1
Cmd: preprocessCompute
  insize=7350 outsize=7352 ok=1
Cmd: preprocess
  insize=39646 outsize=618 ok=1
Cmd: preprocessCompute
  insize=7736 outsize=7738 ok=1
Cmd: compileComputeKernel
  api=4 insize=7738 outsize=3154 ok=1
Cmd: preprocessCompute
  insize=6856 outsize=6858 ok=1
Cmd: preprocess
  insize=38611 outsize=618 ok=1
Cmd: preprocessCompute
  insize=6926 outsize=6928 ok=1
Cmd: preprocessCompute
  insize=5790 outsize=5792 ok=1
Cmd: preprocess
  insize=38803 outsize=617 ok=1
Cmd: preprocessCompute
  insize=7079 outsize=7081 ok=1
Cmd: preprocessCompute
  insize=7350 outsize=7352 ok=1
Cmd: preprocess
  insize=39646 outsize=618 ok=1
Cmd: preprocessCompute
  insize=7733 outsize=7735 ok=1
Cmd: preprocessCompute
  insize=6856 outsize=6858 ok=1
Cmd: preprocess
  insize=38611 outsize=618 ok=1
Cmd: preprocessCompute
  insize=6926 outsize=6928 ok=1
Cmd: preprocessCompute
  insize=5790 outsize=5792 ok=1
Cmd: preprocess
  insize=38803 outsize=617 ok=1
Cmd: preprocessCompute
  insize=7079 outsize=7081 ok=1
Cmd: preprocessCompute
  insize=7350 outsize=7352 ok=1
Cmd: preprocess
  insize=39646 outsize=618 ok=1
Cmd: preprocessCompute
  insize=7875 outsize=7877 ok=1
Cmd: compileComputeKernel
  api=4 insize=7877 outsize=2892 ok=1
Cmd: preprocessCompute
  insize=6856 outsize=6858 ok=1
Cmd: preprocess
  insize=38611 outsize=618 ok=1
Cmd: preprocessCompute
  insize=6926 outsize=6928 ok=1
Cmd: preprocessCompute
  insize=5790 outsize=5792 ok=1
Cmd: preprocess
  insize=38803 outsize=617 ok=1
Cmd: preprocessCompute
  insize=7079 outsize=7081 ok=1
Cmd: preprocessCompute
  insize=7350 outsize=7352 ok=1
Cmd: preprocess
  insize=39646 outsize=618 ok=1
Cmd: preprocessCompute
  insize=7733 outsize=7735 ok=1
Cmd: preprocessCompute
  insize=6856 outsize=6858 ok=1
Cmd: preprocess
  insize=38611 outsize=618 ok=1
Cmd: preprocessCompute
  insize=6926 outsize=6928 ok=1
Cmd: preprocessCompute
  insize=5790 outsize=5792 ok=1
Cmd: preprocess
  insize=38803 outsize=617 ok=1
Cmd: preprocessCompute
  insize=7079 outsize=7081 ok=1
Cmd: preprocessCompute
  insize=7350 outsize=7352 ok=1
Cmd: preprocess
  insize=39646 outsize=618 ok=1
Cmd: preprocessCompute
  insize=7733 outsize=7735 ok=1
Cmd: preprocessCompute
  insize=6856 outsize=6858 ok=1
Cmd: preprocess
  insize=38611 outsize=618 ok=1
Cmd: preprocessCompute
  insize=6926 outsize=6928 ok=1
Cmd: preprocessCompute
  insize=5790 outsize=5792 ok=1
Cmd: preprocess
  insize=38803 outsize=617 ok=1
Cmd: preprocessCompute
  insize=7079 outsize=7081 ok=1
Cmd: preprocessCompute
  insize=7350 outsize=7352 ok=1
Cmd: preprocess
  insize=39646 outsize=618 ok=1
Cmd: preprocessCompute
  insize=7733 outsize=7735 ok=1
Cmd: preprocessCompute
  insize=6856 outsize=6858 ok=1
Cmd: preprocess
  insize=38611 outsize=618 ok=1
Cmd: preprocessCompute
  insize=6926 outsize=6928 ok=1
Cmd: preprocessCompute
  insize=5790 outsize=5792 ok=1
Cmd: preprocess
  insize=38803 outsize=617 ok=1
Cmd: preprocessCompute
  insize=7067 outsize=7069 ok=1
Cmd: preprocessCompute
  insize=7350 outsize=7352 ok=1
Cmd: preprocess
  insize=39646 outsize=618 ok=1
Cmd: preprocessCompute
  insize=7575 outsize=7577 ok=1
Cmd: compileComputeKernel
  api=4 insize=7577 outsize=2800 ok=1
Cmd: preprocessCompute
  insize=6856 outsize=6858 ok=1
Cmd: preprocess
  insize=38611 outsize=618 ok=1
Cmd: preprocessCompute
  insize=6956 outsize=6958 ok=1
Cmd: preprocessCompute
  insize=5790 outsize=5792 ok=1
Cmd: preprocess
  insize=38803 outsize=617 ok=1
Cmd: preprocessCompute
  insize=7067 outsize=7069 ok=1
Cmd: preprocessCompute
  insize=7350 outsize=7352 ok=1
Cmd: preprocess
  insize=39646 outsize=618 ok=1
Cmd: preprocessCompute
  insize=7575 outsize=7577 ok=1
Cmd: preprocessCompute
  insize=6856 outsize=6858 ok=1
Cmd: preprocess
  insize=38611 outsize=618 ok=1
Cmd: preprocessCompute
  insize=6956 outsize=6958 ok=1
Cmd: preprocessCompute
  insize=5790 outsize=5792 ok=1
Cmd: preprocess
  insize=38803 outsize=617 ok=1
